<?xml version="1.0" encoding="UTF-8"?>
<testng-results skipped="0" failed="0" total="1" passed="1">
  <reporter-output>
  </reporter-output>
  <suite name="Default suite" duration-ms="28985" started-at="2020-03-04T07:21:46Z" finished-at="2020-03-04T07:22:15Z">
    <groups>
    </groups>
    <test name="Default test" duration-ms="28985" started-at="2020-03-04T07:21:46Z" finished-at="2020-03-04T07:22:15Z">
      <class name="TestRunner.RunnerClass">
        <test-method status="PASS" signature="setUp()[pri:0, instance:TestRunner.RunnerClass@6ad5c04e]" name="setUp" is-config="true" duration-ms="13034" started-at="2020-03-04T12:51:46Z" finished-at="2020-03-04T12:51:59Z">
          <reporter-output>
          </reporter-output>
        </test-method> <!-- setUp -->
        <test-method status="PASS" signature="iPhone()[pri:0, instance:TestRunner.RunnerClass@6ad5c04e]" name="iPhone" duration-ms="14943" started-at="2020-03-04T12:51:59Z" finished-at="2020-03-04T12:52:14Z">
          <reporter-output>
          </reporter-output>
        </test-method> <!-- iPhone -->
        <test-method status="PASS" signature="tearDown()[pri:0, instance:TestRunner.RunnerClass@6ad5c04e]" name="tearDown" is-config="true" duration-ms="972" started-at="2020-03-04T12:52:14Z" finished-at="2020-03-04T12:52:15Z">
          <reporter-output>
          </reporter-output>
        </test-method> <!-- tearDown -->
      </class> <!-- TestRunner.RunnerClass -->
    </test> <!-- Default test -->
  </suite> <!-- Default suite -->
</testng-results>
